Arguments: 
  /usr/bin/node /usr/local/bin/yarn

PATH: 
  /home/younis/.local/bin:/usr/local/sbin:/usr/sbin:/sbin:/usr/local/bin:/usr/bin:/bin:/usr/local/games:/usr/games:/home/younis/.dotnet/tools

Yarn version: 
  1.22.19

Node version: 
  18.13.0

Platform: 
  linux x64

Trace: 
  Error: ENOSPC: no space left on device, copyfile '/home/younis/.cache/yarn/v6/npm-@expo-prebuild-config-6.0.1-e3a5bbf5892859e71ac6a2408b1cc8ba6ca3f58f-integrity/node_modules/@expo/prebuild-config/build/plugins/icons/withAndroidIcons.js.map' -> '/home/younis/Desktop/SOBAMobile/node_modules/@expo/prebuild-config/build/plugins/icons/withAndroidIcons.js.map'

npm manifest: 
  {
    "name": "sobamobile",
    "version": "1.0.0",
    "main": "node_modules/expo/AppEntry.js",
    "scripts": {
      "start": "expo start",
      "android": "expo start --android",
      "ios": "expo start --ios",
      "web": "expo start --web"
    },
    "dependencies": {
      "@expo-google-fonts/lato": "^0.2.3",
      "@expo-google-fonts/oswald": "^0.2.3",
      "@expo-google-fonts/poppins": "^0.2.3",
      "@expo/vector-icons": "^13.0.0",
      "@expo/webpack-config": "^18.0.1",
      "@ptomasroos/react-native-multi-slider": "^2.2.2",
      "@react-native-async-storage/async-storage": "1.17.11",
      "@react-native-community/slider": "^4.4.2",
      "@react-native-firebase/messaging": "^18.1.0",
      "@react-navigation/bottom-tabs": "^6.5.7",
      "@react-navigation/drawer": "^6.6.2",
      "@react-navigation/material-bottom-tabs": "^6.2.15",
      "@react-navigation/material-top-tabs": "^6.6.2",
      "@react-navigation/native": "^6.1.6",
      "@react-navigation/stack": "^6.3.16",
      "expo": "~48.0.15",
      "expo-camera": "^13.2.1",
      "expo-dev-client": "~2.2.1",
      "expo-font": "^11.1.1",
      "expo-image-picker": "^14.1.1",
      "expo-status-bar": "~1.4.4",
      "lottie-react-native": "5.1.4",
      "react": "18.2.0",
      "react-dom": "18.2.0",
      "react-native": "0.71.8",
      "react-native-chart-kit": "^6.12.0",
      "react-native-circular-progress-indicator": "^4.4.2",
      "react-native-gesture-handler": "~2.9.0",
      "react-native-pager-view": "6.1.2",
      "react-native-paper": "^5.7.0",
      "react-native-reanimated": "~2.14.4",
      "react-native-safe-area-context": "4.5.0",
      "react-native-svg": "13.4.0",
      "react-native-tab-view": "^3.5.1",
      "react-native-web": "~0.18.10",
      "styled-components": "^5.3.10"
    },
    "devDependencies": {
      "@babel/core": "^7.20.0"
    },
    "private": true
  }

yarn manifest: 
  No manifest

Lockfile: 
  # THIS IS AN AUTOGENERATED FILE. DO NOT EDIT THIS FILE DIRECTLY.
  # yarn lockfile v1
  
  
  "@0no-co/graphql.web@^1.0.1":
    version "1.0.1"
    resolved "https://registry.yarnpkg.com/@0no-co/graphql.web/-/graphql.web-1.0.1.tgz#db3da0d2cd41548b50f0583c0d2f4743c767e56b"
    integrity sha512-6Yaxyv6rOwRkLIvFaL0NrLDgfNqC/Ng9QOPmTmlqW4mORXMEKmh5NYGkIvvt5Yw8fZesnMAqkj8cIqTj8f40cQ==
  
  "@ampproject/remapping@^2.2.0":
    version "2.2.1"
    resolved "https://registry.yarnpkg.com/@ampproject/remapping/-/remapping-2.2.1.tgz#99e8e11851128b8702cd57c33684f1d0f260b630"
    integrity sha512-lFMjJTrFL3j7L9yBxwYfCq2k6qqwHyzuUl/XBnif78PWTJYyL/dfowQHWE3sp6U6ZzqWiiIZnpTMO96zhkjwtg==
    dependencies:
      "@jridgewell/gen-mapping" "^0.3.0"
      "@jridgewell/trace-mapping" "^0.3.9"
  
  "@babel/code-frame@7.10.4", "@babel/code-frame@~7.10.4":
    version "7.10.4"
    resolved "https://registry.yarnpkg.com/@babel/code-frame/-/code-frame-7.10.4.tgz#168da1a36e90da68ae8d49c0f1b48c7c6249213a"
    integrity sha512-vG6SvB6oYEhvgisZNFRmRCUkLz11c7rp+tbNTynGqc6mS1d5ATd/sGyV6W0KZZnXRKMTzZDRgQT3Ou9jhpAfUg==
    dependencies:
      "@babel/highlight" "^7.10.4"
  
  "@babel/code-frame@^7.0.0", "@babel/code-frame@^7.12.13", "@babel/code-frame@^7.18.6", "@babel/code-frame@^7.21.4":
    version "7.21.4"
    resolved "https://registry.yarnpkg.com/@babel/code-frame/-/code-frame-7.21.4.tgz#d0fa9e4413aca81f2b23b9442797bda1826edb39"
    integrity sha512-LYvhNKfwWSPpocw8GI7gpK2nq3HSDuEPC/uSYaALSJu9xjsalaaYFOq0Pwt5KmVqwEbZlDu81aLXwBOmD/Fv9g==
    dependencies:
      "@babel/highlight" "^7.18.6"
  
  "@babel/compat-data@^7.17.7", "@babel/compat-data@^7.20.5", "@babel/compat-data@^7.21.5":
    version "7.21.7"
    resolved "https://registry.yarnpkg.com/@babel/compat-data/-/compat-data-7.21.7.tgz#61caffb60776e49a57ba61a88f02bedd8714f6bc"
    integrity sha512-KYMqFYTaenzMK4yUtf4EW9wc4N9ef80FsbMtkwool5zpwl4YrT1SdWYSTRcT94KO4hannogdS+LxY7L+arP3gA==
  
  "@babel/core@^7.13.16", "@babel/core@^7.20.0", "@babel/core@^7.20.2":
    version "7.21.8"
    resolved "https://registry.yarnpkg.com/@babel/core/-/core-7.21.8.tgz#2a8c7f0f53d60100ba4c32470ba0281c92aa9aa4"
    integrity sha512-YeM22Sondbo523Sz0+CirSPnbj9bG3P0CdHcBZdqUuaeOaYEFbOLoGU7lebvGP6P5J/WE9wOn7u7C4J9HvS1xQ==
    dependencies:
      "@ampproject/remapping" "^2.2.0"
      "@babel/code-frame" "^7.21.4"
      "@babel/generator" "^7.21.5"
      "@babel/helper-compilation-targets" "^7.21.5"
      "@babel/helper-module-transforms" "^7.21.5"
      "@babel/helpers" "^7.21.5"
      "@babel/parser" "^7.21.8"
      "@babel/template" "^7.20.7"
      "@babel/traverse" "^7.21.5"
      "@babel/types" "^7.21.5"
      convert-source-map "^1.7.0"
      debug "^4.1.0"
      gensync "^1.0.0-beta.2"
      json5 "^2.2.2"
      semver "^6.3.0"
  
  "@babel/generator@^7.20.0", "@babel/generator@^7.21.5":
    version "7.21.5"
    resolved "https://registry.yarnpkg.com/@babel/generator/-/generator-7.21.5.tgz#c0c0e5449504c7b7de8236d99338c3e2a340745f"
    integrity sha512-SrKK/sRv8GesIW1bDagf9cCG38IOMYZusoe1dfg0D8aiUe3Amvoj1QtjTPAWcfrZFvIwlleLb0gxzQidL9w14w==
    dependencies:
      "@babel/types" "^7.21.5"
      "@jridgewell/gen-mapping" "^0.3.2"
      "@jridgewell/trace-mapping" "^0.3.17"
      jsesc "^2.5.1"
  
  "@babel/helper-annotate-as-pure@^7.16.0", "@babel/helper-annotate-as-pure@^7.18.6":
    version "7.18.6"
    resolved "https://registry.yarnpkg.com/@babel/helper-annotate-as-pure/-/helper-annotate-as-pure-7.18.6.tgz#eaa49f6f80d5a33f9a5dd2276e6d6e451be0a6bb"
    integrity sha512-duORpUiYrEpzKIop6iNbjnwKLAKnJ47csTyRACyEmWj0QdUrm5aqNJGHSSEQSUAvNW0ojX0dOmK9dZduvkfeXA==
    dependencies:
      "@babel/types" "^7.18.6"
  
  "@babel/helper-builder-binary-assignment-operator-visitor@^7.18.6":
    version "7.21.5"
    resolved "https://registry.yarnpkg.com/@babel/helper-builder-binary-assignment-operator-visitor/-/helper-builder-binary-assignment-operator-visitor-7.21.5.tgz#817f73b6c59726ab39f6ba18c234268a519e5abb"
    integrity sha512-uNrjKztPLkUk7bpCNC0jEKDJzzkvel/W+HguzbN8krA+LPfC1CEobJEvAvGka2A/M+ViOqXdcRL0GqPUJSjx9g==
    dependencies:
      "@babel/types" "^7.21.5"
  
  "@babel/helper-compilation-targets@^7.17.7", "@babel/helper-compilation-targets@^7.18.9", "@babel/helper-compilation-targets@^7.20.7", "@babel/helper-compilation-targets@^7.21.5":
    version "7.21.5"
    resolved "https://registry.yarnpkg.com/@babel/helper-compilation-targets/-/helper-compilation-targets-7.21.5.tgz#631e6cc784c7b660417421349aac304c94115366"
    integrity sha512-1RkbFGUKex4lvsB9yhIfWltJM5cZKUftB2eNajaDv3dCMEp49iBG0K14uH8NnX9IPux2+mK7JGEOB0jn48/J6w==
    dependencies:
      "@babel/compat-data" "^7.21.5"
      "@babel/helper-validator-option" "^7.21.0"
      browserslist "^4.21.3"
      lru-cache "^5.1.1"
      semver "^6.3.0"
  
  "@babel/helper-create-class-features-plugin@^7.18.6", "@babel/helper-create-class-features-plugin@^7.21.0":
    version "7.21.8"
    resolved "https://registry.yarnpkg.com/@babel/helper-create-class-features-plugin/-/helper-create-class-features-plugin-7.21.8.tgz#205b26330258625ef8869672ebca1e0dee5a0f02"
    integrity sha512-+THiN8MqiH2AczyuZrnrKL6cAxFRRQDKW9h1YkBvbgKmAm6mwiacig1qT73DHIWMGo40GRnsEfN3LA+E6NtmSw==
    dependencies:
      "@babel/helper-annotate-as-pure" "^7.18.6"
      "@babel/helper-environment-visitor" "^7.21.5"
      "@babel/helper-function-name" "^7.21.0"
      "@babel/helper-member-expression-to-functions" "^7.21.5"
      "@babel/helper-optimise-call-expression" 